mode: set
github.com/omer1998/booking_api/doctor/doctor.go:21.90,26.2 1 0
github.com/omer1998/booking_api/doctor/doctor.go:41.93,49.16 4 0
github.com/omer1998/booking_api/doctor/doctor.go:49.16,52.3 2 0
github.com/omer1998/booking_api/doctor/doctor.go:54.2,56.17 3 0
github.com/omer1998/booking_api/doctor/doctor.go:56.17,59.3 2 0
github.com/omer1998/booking_api/doctor/doctor.go:60.2,60.84 1 0
github.com/omer1998/booking_api/doctor/doctor.go:60.84,62.3 1 0
github.com/omer1998/booking_api/doctor/doctor.go:63.2,64.16 2 0
github.com/omer1998/booking_api/doctor/doctor.go:64.16,66.3 1 0
github.com/omer1998/booking_api/doctor/doctor.go:67.2,68.12 2 0
github.com/omer1998/booking_api/doctor/doctor.go:71.97,73.16 2 0
github.com/omer1998/booking_api/doctor/doctor.go:73.16,75.3 1 0
github.com/omer1998/booking_api/doctor/doctor.go:76.2,76.23 1 0
github.com/omer1998/booking_api/doctor/doctor.go:76.23,79.3 2 0
github.com/omer1998/booking_api/doctor/doctor.go:80.2,81.12 2 0
github.com/omer1998/booking_api/doctor/doctor.go:84.100,86.17 2 0
github.com/omer1998/booking_api/doctor/doctor.go:86.17,88.3 1 0
github.com/omer1998/booking_api/doctor/doctor.go:89.2,89.35 1 0
github.com/omer1998/booking_api/doctor/doctor.go:89.35,91.3 1 0
github.com/omer1998/booking_api/doctor/doctor.go:93.2,94.16 2 0
github.com/omer1998/booking_api/doctor/doctor.go:94.16,96.3 1 0
github.com/omer1998/booking_api/doctor/doctor.go:97.2,99.12 2 0
github.com/omer1998/booking_api/doctor/doctor.go:102.95,104.63 2 0
github.com/omer1998/booking_api/doctor/doctor.go:104.63,106.3 1 0
github.com/omer1998/booking_api/doctor/doctor.go:107.2,109.35 3 0
github.com/omer1998/booking_api/doctor/doctor.go:109.35,111.3 1 0
github.com/omer1998/booking_api/doctor/doctor.go:112.2,112.35 1 0
github.com/omer1998/booking_api/doctor/doctor.go:112.35,114.3 1 0
github.com/omer1998/booking_api/doctor/doctor.go:116.2,117.16 2 0
github.com/omer1998/booking_api/doctor/doctor.go:117.16,119.3 1 0
github.com/omer1998/booking_api/doctor/doctor.go:120.2,121.21 2 0
github.com/omer1998/booking_api/doctor/doctor.go:121.21,123.3 1 0
github.com/omer1998/booking_api/doctor/doctor.go:124.2,129.12 3 0
github.com/omer1998/booking_api/doctor/doctor.go:133.98,135.63 2 0
github.com/omer1998/booking_api/doctor/doctor.go:135.63,137.3 1 0
github.com/omer1998/booking_api/doctor/doctor.go:138.2,140.35 3 0
github.com/omer1998/booking_api/doctor/doctor.go:140.35,142.3 1 0
github.com/omer1998/booking_api/doctor/doctor.go:143.2,143.35 1 0
github.com/omer1998/booking_api/doctor/doctor.go:143.35,145.3 1 0
github.com/omer1998/booking_api/doctor/doctor.go:146.2,147.16 2 0
github.com/omer1998/booking_api/doctor/doctor.go:147.16,149.3 1 0
github.com/omer1998/booking_api/doctor/doctor.go:151.2,152.12 2 0
github.com/omer1998/booking_api/doctor/doctor.go:156.94,157.23 1 0
github.com/omer1998/booking_api/doctor/doctor.go:157.23,159.3 1 0
github.com/omer1998/booking_api/doctor/doctor.go:159.8,159.52 1 0
github.com/omer1998/booking_api/doctor/doctor.go:159.52,162.3 1 0
github.com/omer1998/booking_api/doctor/doctor.go:162.8,164.3 1 0
github.com/omer1998/booking_api/doctor/doctor.go:167.94,168.23 1 0
github.com/omer1998/booking_api/doctor/doctor.go:168.23,170.3 1 0
github.com/omer1998/booking_api/doctor/doctor.go:170.8,170.52 1 0
github.com/omer1998/booking_api/doctor/doctor.go:170.52,173.3 1 0
github.com/omer1998/booking_api/doctor/doctor.go:173.8,175.3 1 0
