mode: set
github.com/omer1998/booking_api/api.go:18.71,20.2 1 0
github.com/omer1998/booking_api/api.go:22.33,24.67 2 0
github.com/omer1998/booking_api/api.go:24.67,26.3 1 0
github.com/omer1998/booking_api/api.go:27.2,36.16 7 0
github.com/omer1998/booking_api/api.go:36.16,38.3 1 0
github.com/omer1998/booking_api/api.go:39.2,39.12 1 0
github.com/omer1998/booking_api/main.go:12.13,17.19 2 0
github.com/omer1998/booking_api/main.go:17.19,18.16 1 0
github.com/omer1998/booking_api/main.go:20.2,21.16 2 0
github.com/omer1998/booking_api/main.go:21.16,22.13 1 0
github.com/omer1998/booking_api/main.go:24.2,29.15 6 0
github.com/omer1998/booking_api/main.go:29.15,30.21 1 0
github.com/omer1998/booking_api/main.go:32.2,34.40 3 0
github.com/omer1998/booking_api/main.go:34.40,35.13 1 0
github.com/omer1998/booking_api/main.go:37.2,37.47 1 0
